<?xml version="1.0" encoding="UTF-8"?>
<!-- Generated by org.testng.reporters.JUnitXMLReporter -->
<testsuite hostname="Radmila-PC" name="Default test" tests="6" failures="0" timestamp="17 Mar 2015 01:12:17 GMT" time="0.645" errors="0">
  <testcase name="testNickNames" time="0.491" classname="cz.cron.CronCheckerTest"/>
  <testcase name="testWillRun" time="0.019" classname="cz.cron.CronCheckerTest"/>
  <testcase name="testWillRunIntervalWithStep" time="0.005" classname="cz.cron.CronCheckerTest"/>
  <testcase name="testWillRunMoreIntervals" time="0.046" classname="cz.cron.CronCheckerTest"/>
  <testcase name="testWillRunSundays" time="0.011" classname="cz.cron.CronCheckerTest"/>
  <testcase name="testWillRunWeekDay" time="0.009" classname="cz.cron.CronCheckerTest"/>
</testsuite> <!-- Default test -->
