<?xml version="1.0" encoding="UTF-8"?>
<!-- Generated by org.testng.reporters.JUnitXMLReporter -->
<testsuite hostname="Radmila-PC" name="Default test" tests="9" failures="0" timestamp="17 Mar 2015 06:01:02 GMT" time="0.176" errors="0">
  <testcase name="testParseEnumeration" time="0.039" classname="cz.cron.field.FieldTest"/>
  <testcase name="testParseEvery" time="0.002" classname="cz.cron.field.FieldTest"/>
  <testcase name="testParseIncrement" time="0.006" classname="cz.cron.field.FieldTest"/>
  <testcase name="testParseIncrementInterval" time="0.001" classname="cz.cron.field.FieldTest"/>
  <testcase name="testParseInterval" time="0.001" classname="cz.cron.field.FieldTest"/>
  <testcase name="testParseInvalidString" time="0.001" classname="cz.cron.field.FieldTest"/>
  <testcase name="testParseListOfIntervals" time="0.002" classname="cz.cron.field.FieldTest"/>
  <testcase name="testParseMonthEnumeration" time="0.006" classname="cz.cron.field.FieldTest"/>
  <testcase name="testParseMonthInterval" time="0.01" classname="cz.cron.field.FieldTest"/>
</testsuite> <!-- Default test -->
