<?xml version="1.0" encoding="UTF-8"?>
<testng-results skipped="0" failed="0" total="10" passed="10">
  <reporter-output>
  </reporter-output>
  <suite name="Command line suite" duration-ms="368" started-at="2015-03-16T21:12:18Z" finished-at="2015-03-16T21:12:18Z">
    <groups>
    </groups>
    <test name="Command line test" duration-ms="368" started-at="2015-03-16T21:12:18Z" finished-at="2015-03-16T21:12:18Z">
      <class name="cz.cron.field.FieldTest">
        <test-method status="PASS" signature="testParseEnumeration()" name="testParseEnumeration" duration-ms="1" started-at="2015-03-16T21:12:18Z" finished-at="2015-03-16T21:12:18Z">
        </test-method>
        <test-method status="PASS" signature="testParseEvery()" name="testParseEvery" duration-ms="1" started-at="2015-03-16T21:12:18Z" finished-at="2015-03-16T21:12:18Z">
        </test-method>
        <test-method status="PASS" signature="testParseIncrement()" name="testParseIncrement" duration-ms="1" started-at="2015-03-16T21:12:18Z" finished-at="2015-03-16T21:12:18Z">
        </test-method>
        <test-method status="PASS" signature="testParseIncrementInterval()" name="testParseIncrementInterval" duration-ms="1" started-at="2015-03-16T21:12:18Z" finished-at="2015-03-16T21:12:18Z">
        </test-method>
        <test-method status="PASS" signature="testParseInterval()" name="testParseInterval" duration-ms="1" started-at="2015-03-16T21:12:18Z" finished-at="2015-03-16T21:12:18Z">
        </test-method>
        <test-method status="PASS" signature="testParseListOfIntervals()" name="testParseListOfIntervals" duration-ms="0" started-at="2015-03-16T21:12:18Z" finished-at="2015-03-16T21:12:18Z">
        </test-method>
        <test-method status="PASS" signature="testParseMonthEnumeration()" name="testParseMonthEnumeration" duration-ms="1" started-at="2015-03-16T21:12:18Z" finished-at="2015-03-16T21:12:18Z">
        </test-method>
        <test-method status="PASS" signature="testParseMonthInterval()" name="testParseMonthInterval" duration-ms="1" started-at="2015-03-16T21:12:18Z" finished-at="2015-03-16T21:12:18Z">
        </test-method>
      </class>
      <class name="cz.cron.CronCheckerTest">
        <test-method status="PASS" signature="testWillRunIntervalWithStep()" name="testWillRunIntervalWithStep" duration-ms="283" started-at="2015-03-16T21:12:18Z" finished-at="2015-03-16T21:12:18Z">
        </test-method>
        <test-method status="PASS" signature="testWillRunSundays()" name="testWillRunSundays" duration-ms="11" started-at="2015-03-16T21:12:18Z" finished-at="2015-03-16T21:12:18Z">
        </test-method>
      </class>
    </test>
  </suite>
</testng-results>
